
✨  Synthesis time: 3.14s

StageBSslCertificateStack: deploying... [1/1]
StageBSslCertificateStack: creating CloudFormation changeset...
StageBSslCertificateStack | 0/3 | 6:15:39 AM | REVIEW_IN_PROGRESS   | AWS::CloudFormation::Stack           | StageBSslCertificateStack User Initiated
StageBSslCertificateStack | 0/3 | 6:15:45 AM | CREATE_IN_PROGRESS   | AWS::CloudFormation::Stack           | StageBSslCertificateStack User Initiated
StageBSslCertificateStack | 0/3 | 6:15:48 AM | CREATE_IN_PROGRESS   | AWS::CDK::Metadata                   | CDKMetadata/Default (CDKMetadata) 
StageBSslCertificateStack | 0/3 | 6:15:48 AM | CREATE_IN_PROGRESS   | AWS::CertificateManager::Certificate | SslCertificate (SslCertificateB048BE20) 
StageBSslCertificateStack | 0/3 | 6:15:48 AM | CREATE_IN_PROGRESS   | AWS::CertificateManager::Certificate | SslCertificate (SslCertificateB048BE20) Resource creation Initiated
StageBSslCertificateStack | 0/3 | 6:15:49 AM | CREATE_IN_PROGRESS   | AWS::CDK::Metadata                   | CDKMetadata/Default (CDKMetadata) Resource creation Initiated
StageBSslCertificateStack | 1/3 | 6:15:49 AM | CREATE_COMPLETE      | AWS::CDK::Metadata                   | CDKMetadata/Default (CDKMetadata) 
StageBSslCertificateStack | 1/3 | 6:16:21 AM | CREATE_IN_PROGRESS   | AWS::CertificateManager::Certificate | SslCertificate (SslCertificateB048BE20) Content of DNS Record is: {Name: _2b12cab0d44239bf260a386d6d0ed809.sbx.briskhaven.com.,Type: CNAME,Value: _7a6cb7010d5d6882651d804ade3a4dc8.xlfgrmvvlj.acm-validations.aws.}
StageBSslCertificateStack | 2/3 | 6:18:21 AM | CREATE_COMPLETE      | AWS::CertificateManager::Certificate | SslCertificate (SslCertificateB048BE20) 
StageBSslCertificateStack | 3/3 | 6:18:22 AM | CREATE_COMPLETE      | AWS::CloudFormation::Stack           | StageBSslCertificateStack 

 ✅  StageBSslCertificateStack

✨  Deployment time: 169.25s

Outputs:
StageBSslCertificateStack.CertificateArnOutput = arn:aws:acm:us-east-1:415730361381:certificate/ccb55cf0-2900-448b-8abe-30e127819805
StageBSslCertificateStack.DistributionDomainNameOutput = E3Q3IZJ1UV53QK.cloudfront.net
StageBSslCertificateStack.DistributionIdOutput = E3Q3IZJ1UV53QK
StageBSslCertificateStack.DomainsOutput = sbx.briskhaven.com,www.sbx.briskhaven.com
StageBSslCertificateStack.HostedZonesOutput = sbx.briskhaven.com:/hostedzone/Z01149023QVGP1C27GLC5,www.sbx.briskhaven.com:/hostedzone/Z01149023QVGP1C27GLC5
StageBSslCertificateStack.ValidationMethodOutput = DNS
Stack ARN:
arn:aws:cloudformation:us-east-1:415730361381:stack/StageBSslCertificateStack/26106150-6877-11f0-9bde-12e618ec57ab

✨  Total time: 172.39s


NOTICES         (What's this? https://github.com/aws/aws-cdk/wiki/CLI-Notices)

34892	CDK CLI will collect telemetry data on command usage starting at version 2.1100.0 (unless opted out)

	Overview: We do not collect customer content and we anonymize the
	          telemetry we do collect. See the attached issue for more
	          information on what data is collected, why, and how to
	          opt-out. Telemetry will NOT be collected for any CDK CLI
	          version prior to version 2.1100.0 - regardless of
	          opt-in/out.

	Affected versions: cli: ^2.0.0

	More information at: https://github.com/aws/aws-cdk/issues/34892


If you don’t want to see a notice anymore, use "cdk acknowledge <id>". For example, "cdk acknowledge 34892".
